[20:38:54] [Server thread/INFO]: Starting minecraft server version 1.12
[20:38:56] [Server thread/INFO]: Loading properties
[20:38:56] [Server thread/INFO]: Default game type: SURVIVAL
[20:38:56] [Server thread/INFO]: Generating keypair
[20:38:56] [Server thread/INFO]: Starting Minecraft server on *:25565
[20:38:56] [Server thread/INFO]: Using epoll channel type
[20:38:56] [Server thread/WARN]: **** SERVER IS RUNNING IN OFFLINE/INSECURE MODE!
[20:38:56] [Server thread/WARN]: The server will make no attempt to authenticate usernames. Beware.
[20:38:56] [Server thread/WARN]: While this makes the game possible to play without internet access, it also opens up the ability for hackers to connect with any username they choose.
[20:38:56] [Server thread/WARN]: To change this, set "online-mode" to "true" in the server.properties file.
[20:38:56] [Server thread/INFO]: Preparing level "world"
[20:38:57] [Server thread/INFO]: Loaded 488 advancements
[20:38:57] [Server thread/INFO]: Preparing start region for level 0
[20:38:58] [Server thread/INFO]: Preparing spawn area: 8%
[20:38:59] [Server thread/INFO]: Preparing spawn area: 18%
[20:39:00] [Server thread/INFO]: Preparing spawn area: 31%
[20:39:01] [Server thread/INFO]: Preparing spawn area: 45%
[20:39:02] [Server thread/INFO]: Preparing spawn area: 63%
[20:39:03] [Server thread/INFO]: Preparing spawn area: 83%
[20:39:04] [Server thread/INFO]: Preparing spawn area: 96%
[20:39:04] [Server thread/INFO]: Done (8.110s)! For help, type "help" or "?"
[20:48:24] [Server thread/INFO]: Unknown command. Try /help for a list of commands
[20:48:32] [Server thread/INFO]: --- Showing help page 1 of 10 (/help <page>) ---
[20:48:32] [Server thread/INFO]: /advancement <grant|revoke|test> <player>
[20:48:32] [Server thread/INFO]: /ban <name> [reason ...]
[20:48:32] [Server thread/INFO]: /ban-ip <address|name> [reason ...]
[20:48:32] [Server thread/INFO]: /banlist [ips|players]
[20:48:32] [Server thread/INFO]: /blockdata <x> <y> <z> <dataTag>
[20:48:32] [Server thread/INFO]: /clear [player] [item] [data] [maxCount] [dataTag]
[20:48:32] [Server thread/INFO]: /clone <x1> <y1> <z1> <x2> <y2> <z2> <x> <y> <z> [maskMode] [cloneMode]
[20:48:32] [Server thread/INFO]: Tip: Use the <tab> key while typing a command to auto-complete the command or its arguments
[20:48:41] [Server thread/INFO]: Unknown command. Try /help for a list of commands
[20:50:01] [Server thread/INFO]: --- Showing help page 1 of 10 (/help <page>) ---
[20:50:01] [Server thread/INFO]: /advancement <grant|revoke|test> <player>
[20:50:01] [Server thread/INFO]: /ban <name> [reason ...]
[20:50:01] [Server thread/INFO]: /ban-ip <address|name> [reason ...]
[20:50:01] [Server thread/INFO]: /banlist [ips|players]
[20:50:01] [Server thread/INFO]: /blockdata <x> <y> <z> <dataTag>
[20:50:01] [Server thread/INFO]: /clear [player] [item] [data] [maxCount] [dataTag]
[20:50:01] [Server thread/INFO]: /clone <x1> <y1> <z1> <x2> <y2> <z2> <x> <y> <z> [maskMode] [cloneMode]
[20:50:01] [Server thread/INFO]: Tip: Use the <tab> key while typing a command to auto-complete the command or its arguments
[20:50:18] [Server thread/INFO]: Unknown command. Try /help for a list of commands
